<?xml version="1.0" encoding="UTF-8"?>
<testsuite name="com.adobe.aem.core.impl.SolrServerConfigTest" time="0.18" tests="5" errors="5" skipped="0" failures="0">
  <properties>
    <property name="java.runtime.name" value="Java(TM) SE Runtime Environment"/>
    <property name="sun.boot.library.path" value="C:\Program Files\Java\jdk1.8.0_66\jre\bin"/>
    <property name="java.vm.version" value="25.66-b18"/>
    <property name="java.vm.vendor" value="Oracle Corporation"/>
    <property name="java.vendor.url" value="http://java.oracle.com/"/>
    <property name="path.separator" value=";"/>
    <property name="guice.disable.misplaced.annotation.check" value="true"/>
    <property name="java.vm.name" value="Java HotSpot(TM) 64-Bit Server VM"/>
    <property name="file.encoding.pkg" value="sun.io"/>
    <property name="user.script" value=""/>
    <property name="user.country" value="US"/>
    <property name="sun.java.launcher" value="SUN_STANDARD"/>
    <property name="sun.os.patch.level" value="Service Pack 1"/>
    <property name="java.vm.specification.name" value="Java Virtual Machine Specification"/>
    <property name="user.dir" value="D:\Projects\aem-sample-solr"/>
    <property name="java.runtime.version" value="1.8.0_66-b18"/>
    <property name="java.awt.graphicsenv" value="sun.awt.Win32GraphicsEnvironment"/>
    <property name="java.endorsed.dirs" value="C:\Program Files\Java\jdk1.8.0_66\jre\lib\endorsed"/>
    <property name="os.arch" value="amd64"/>
    <property name="java.io.tmpdir" value="C:\Users\sku204\AppData\Local\Temp\"/>
    <property name="line.separator" value="&#10;"/>
    <property name="java.vm.specification.vendor" value="Oracle Corporation"/>
    <property name="user.variant" value=""/>
    <property name="os.name" value="Windows 7"/>
    <property name="classworlds.conf" value="D:\apache-maven-3.1.1\bin\..\bin\m2.conf"/>
    <property name="sun.jnu.encoding" value="Cp1252"/>
    <property name="java.library.path" value="C:\Program Files\Java\jdk1.8.0_66\jre\bin;C:\Windows\Sun\Java\bin;C:\Windows\system32;C:\Windows;C:\Ruby22-x64\bin;C:\ProgramData\Oracle\Java\javapath;C:\Program Files (x86)\RSA SecurID Token Common;C:\Program Files\RSA SecurID Token Common;C:\Windows\SYSTEM32;C:\Windows;C:\Windows\SYSTEM32\WBEM;C:\Windows\SYSTEM32\WINDOWSPOWERSHELL\V1.0\;C:\Program Files\Intel\WiFi\bin\;C:\Program Files\Common Files\Intel\WirelessCommon\;C:\Program Files\TortoiseSVN\bin;%JAVA_HOME%\bin;D:\apache-maven-3.1.1\bin;C:\Program Files (x86)\Common Files\lenovo\easyplussdk\bin;C:\Program Files\MIT\Kerberos\bin;C:\Program Files (x86)\Brackets\command;C:\Program Files\nodejs\;C:\Windows\System32\WindowsPowerShell\v1.0\;C:\Program Files\Intel\WiFi\bin\;C:\Program Files\Common Files\Intel\WirelessCommon\;C:\Program Files (x86)\Adobe\Adobe Campaign v6\bin;C:\Program Files\Java\jdk1.8.0_66\bin;C:\Users\sku204\AppData\Roaming\npm;C:\Program Files (x86)\PGP Corporation\PGP Desktop;C:\Users\sku204\AppData\Local\Box\Box Edit\;."/>
    <property name="java.specification.name" value="Java Platform API Specification"/>
    <property name="java.class.version" value="52.0"/>
    <property name="sun.management.compiler" value="HotSpot 64-Bit Tiered Compilers"/>
    <property name="os.version" value="6.1"/>
    <property name="user.home" value="C:\Users\sku204"/>
    <property name="user.timezone" value="Asia/Calcutta"/>
    <property name="java.awt.printerjob" value="sun.awt.windows.WPrinterJob"/>
    <property name="java.specification.version" value="1.8"/>
    <property name="file.encoding" value="Cp1252"/>
    <property name="user.name" value="sku204"/>
    <property name="java.class.path" value="D:\apache-maven-3.1.1\bin\..\boot\plexus-classworlds-2.5.1.jar"/>
    <property name="org.slf4j.simpleLogger.defaultLogLevel" value="info"/>
    <property name="java.vm.specification.version" value="1.8"/>
    <property name="sun.arch.data.model" value="64"/>
    <property name="java.home" value="C:\Program Files\Java\jdk1.8.0_66\jre"/>
    <property name="sun.java.command" value="org.codehaus.plexus.classworlds.launcher.Launcher clean install"/>
    <property name="java.specification.vendor" value="Oracle Corporation"/>
    <property name="user.language" value="en"/>
    <property name="awt.toolkit" value="sun.awt.windows.WToolkit"/>
    <property name="java.vm.info" value="mixed mode"/>
    <property name="java.version" value="1.8.0_66"/>
    <property name="java.ext.dirs" value="C:\Program Files\Java\jdk1.8.0_66\jre\lib\ext;C:\Windows\Sun\Java\lib\ext"/>
    <property name="sun.boot.class.path" value="C:\Program Files\Java\jdk1.8.0_66\jre\lib\resources.jar;C:\Program Files\Java\jdk1.8.0_66\jre\lib\rt.jar;C:\Program Files\Java\jdk1.8.0_66\jre\lib\sunrsasign.jar;C:\Program Files\Java\jdk1.8.0_66\jre\lib\jsse.jar;C:\Program Files\Java\jdk1.8.0_66\jre\lib\jce.jar;C:\Program Files\Java\jdk1.8.0_66\jre\lib\charsets.jar;C:\Program Files\Java\jdk1.8.0_66\jre\lib\jfr.jar;C:\Program Files\Java\jdk1.8.0_66\jre\classes"/>
    <property name="sun.stderr.encoding" value="cp437"/>
    <property name="java.vendor" value="Oracle Corporation"/>
    <property name="maven.home" value="D:\apache-maven-3.1.1\bin\.."/>
    <property name="file.separator" value="\"/>
    <property name="java.vendor.url.bug" value="http://bugreport.sun.com/bugreport/"/>
    <property name="sun.cpu.endian" value="little"/>
    <property name="sun.io.unicode.encoding" value="UnicodeLittle"/>
    <property name="sun.stdout.encoding" value="cp437"/>
    <property name="sun.desktop" value="windows"/>
    <property name="sun.cpu.isalist" value="amd64"/>
  </properties>
  <testcase name="testGetSolrProtocol" classname="com.adobe.aem.core.impl.SolrServerConfigTest" time="0.177">
    <error type="java.lang.NullPointerException:">java.lang.NullPointerException: null
	at com.adobe.aem.core.impl.SolrServerConfigImpl.activate(SolrServerConfigImpl.java:50)
	at com.adobe.aem.core.impl.SolrServerConfigTest.testGetSolrProtocol(SolrServerConfigTest.java:55)
</error>
    <system-err><![CDATA[SLF4J: The requested version 1.6 by your slf4j binding is not compatible with [1.5.5, 1.5.6, 1.5.7, 1.5.8, 1.5.9, 1.5.10, 1.5.11]
SLF4J: See http://www.slf4j.org/codes.html#version_mismatch for further details.
log4j:WARN No appenders could be found for logger (com.adobe.aem.core.impl.SolrServerConfigTest).
log4j:WARN Please initialize the log4j system properly.
log4j:WARN See http://logging.apache.org/log4j/1.2/faq.html#noconfig for more info.
]]></system-err>
  </testcase>
  <testcase name="testGetContentPagePath" classname="com.adobe.aem.core.impl.SolrServerConfigTest" time="0">
    <error type="java.lang.NullPointerException:">java.lang.NullPointerException: null
	at com.adobe.aem.core.impl.SolrServerConfigImpl.activate(SolrServerConfigImpl.java:50)
	at com.adobe.aem.core.impl.SolrServerConfigTest.testGetContentPagePath(SolrServerConfigTest.java:64)
</error>
  </testcase>
  <testcase name="testGetSolrCoreName" classname="com.adobe.aem.core.impl.SolrServerConfigTest" time="0.001">
    <error type="java.lang.NullPointerException:">java.lang.NullPointerException: null
	at com.adobe.aem.core.impl.SolrServerConfigImpl.activate(SolrServerConfigImpl.java:50)
	at com.adobe.aem.core.impl.SolrServerConfigTest.testGetSolrCoreName(SolrServerConfigTest.java:73)
</error>
  </testcase>
  <testcase name="testGetSolrServerName" classname="com.adobe.aem.core.impl.SolrServerConfigTest" time="0.001">
    <error type="java.lang.NullPointerException:">java.lang.NullPointerException: null
	at com.adobe.aem.core.impl.SolrServerConfigImpl.activate(SolrServerConfigImpl.java:50)
	at com.adobe.aem.core.impl.SolrServerConfigTest.testGetSolrServerName(SolrServerConfigTest.java:82)
</error>
  </testcase>
  <testcase name="testGetSolrServerPort" classname="com.adobe.aem.core.impl.SolrServerConfigTest" time="0.001">
    <error type="java.lang.NullPointerException:">java.lang.NullPointerException: null
	at com.adobe.aem.core.impl.SolrServerConfigImpl.activate(SolrServerConfigImpl.java:50)
	at com.adobe.aem.core.impl.SolrServerConfigTest.testGetSolrServerPort(SolrServerConfigTest.java:91)
</error>
  </testcase>
</testsuite>